mode: atomic
service-routes/internal/domain/usecase/resource.go:18.116,23.2 1 0
service-routes/internal/domain/usecase/resource.go:25.109,27.16 2 0
service-routes/internal/domain/usecase/resource.go:30.2,32.16 3 0
service-routes/internal/domain/usecase/resource.go:35.2,35.124 1 0
service-routes/internal/domain/usecase/resource.go:27.16,29.3 1 0
service-routes/internal/domain/usecase/resource.go:32.16,34.3 1 0
service-routes/internal/domain/usecase/resource.go:38.101,40.55 2 0
service-routes/internal/domain/usecase/resource.go:43.2,45.16 3 0
service-routes/internal/domain/usecase/resource.go:48.2,49.16 2 0
service-routes/internal/domain/usecase/resource.go:52.2,52.116 1 0
service-routes/internal/domain/usecase/resource.go:40.55,42.3 1 0
service-routes/internal/domain/usecase/resource.go:45.16,47.3 1 0
service-routes/internal/domain/usecase/resource.go:49.16,51.3 1 0
service-routes/internal/domain/usecase/routes.go:18.105,23.2 1 0
service-routes/internal/domain/usecase/routes.go:25.100,27.16 2 0
service-routes/internal/domain/usecase/routes.go:30.2,32.16 3 0
service-routes/internal/domain/usecase/routes.go:35.2,35.118 1 0
service-routes/internal/domain/usecase/routes.go:27.16,29.3 1 0
service-routes/internal/domain/usecase/routes.go:32.16,34.3 1 0
service-routes/internal/domain/usecase/routes.go:38.92,40.49 2 0
service-routes/internal/domain/usecase/routes.go:43.2,45.16 3 0
service-routes/internal/domain/usecase/routes.go:48.2,49.16 2 0
service-routes/internal/domain/usecase/routes.go:52.2,52.113 1 0
service-routes/internal/domain/usecase/routes.go:40.49,42.3 1 0
service-routes/internal/domain/usecase/routes.go:45.16,47.3 1 0
service-routes/internal/domain/usecase/routes.go:49.16,51.3 1 0
service-routes/internal/domain/usecase/routes.go:55.85,57.16 2 0
service-routes/internal/domain/usecase/routes.go:60.2,60.95 1 0
service-routes/internal/domain/usecase/routes.go:57.16,59.3 1 0
service-routes/internal/domain/usecase/routes.go:63.72,65.16 2 0
service-routes/internal/domain/usecase/routes.go:68.2,68.94 1 0
service-routes/internal/domain/usecase/routes.go:65.16,67.3 1 0
service-routes/internal/domain/validator/routes.go:12.61,13.36 1 0
service-routes/internal/domain/validator/routes.go:13.36,18.42 4 0
service-routes/internal/domain/validator/routes.go:22.3,23.17 2 0
service-routes/internal/domain/validator/routes.go:18.42,21.4 2 0
service-routes/cmd/handler/resource.go:11.141,16.2 4 1
service-routes/internal/utils/decode_file.go:9.58,11.16 2 0
service-routes/internal/utils/decode_file.go:15.2,16.17 2 0
service-routes/internal/utils/decode_file.go:11.16,13.3 1 0
service-routes/internal/utils/random_name.go:7.36,10.2 2 0
service-routes/internal/utils/url_utils.go:9.33,12.2 2 0
service-routes/internal/utils/url_utils.go:14.47,17.2 2 0
service-routes/internal/domain/entity/comment.go:20.57,24.2 3 0
service-routes/internal/domain/entity/comment.go:26.57,29.2 2 0
service-routes/cmd/entry/steps.go:15.64,19.2 1 1
service-routes/cmd/entry/steps.go:21.60,25.2 3 0
service-routes/cmd/entry/steps.go:27.58,31.2 3 0
service-routes/cmd/entry/steps.go:33.61,37.2 3 0
service-routes/cmd/entry/steps.go:39.60,43.2 3 0
service-routes/internal/domain/repository/routes.go:17.57,21.2 1 0
service-routes/internal/domain/repository/routes.go:27.86,30.2 2 0
service-routes/internal/domain/repository/routes.go:31.58,34.2 2 0
service-routes/internal/domain/repository/routes.go:35.95,40.2 4 0
service-routes/internal/domain/repository/routes.go:41.80,45.2 3 0
service-routes/internal/infra/storage/storage.go:24.76,29.2 1 0
service-routes/internal/infra/storage/storage.go:31.102,33.16 2 0
service-routes/internal/infra/storage/storage.go:36.2,43.44 6 0
service-routes/internal/infra/storage/storage.go:48.2,48.35 1 0
service-routes/internal/infra/storage/storage.go:53.2,59.22 2 0
service-routes/internal/infra/storage/storage.go:33.16,35.3 1 0
service-routes/internal/infra/storage/storage.go:43.44,46.3 2 0
service-routes/internal/infra/storage/storage.go:48.35,51.3 2 0
service-routes/internal/infra/storage/storage.go:62.94,67.43 4 0
service-routes/internal/infra/storage/storage.go:71.2,71.12 1 0
service-routes/internal/infra/storage/storage.go:67.43,69.3 1 0
service-routes/cmd/handler/steps.go:11.130,18.2 6 1
service-routes/internal/domain/usecase/comment.go:14.86,18.2 1 0
service-routes/internal/domain/usecase/comment.go:20.87,22.16 2 0
service-routes/internal/domain/usecase/comment.go:25.2,25.126 1 0
service-routes/internal/domain/usecase/comment.go:22.16,24.3 1 0
service-routes/internal/domain/usecase/comment.go:28.91,30.16 2 0
service-routes/internal/domain/usecase/comment.go:33.2,33.119 1 0
service-routes/internal/domain/usecase/comment.go:30.16,32.3 1 0
service-routes/internal/domain/usecase/comment.go:36.73,38.16 2 0
service-routes/internal/domain/usecase/comment.go:41.2,41.97 1 0
service-routes/internal/domain/usecase/comment.go:38.16,40.3 1 0
service-routes/cmd/handler/comment.go:11.138,17.2 5 1
service-routes/internal/domain/usecase/steps.go:18.101,23.2 1 0
service-routes/internal/domain/usecase/steps.go:25.94,27.16 2 0
service-routes/internal/domain/usecase/steps.go:30.2,32.16 3 0
service-routes/internal/domain/usecase/steps.go:35.2,35.117 1 0
service-routes/internal/domain/usecase/steps.go:27.16,29.3 1 0
service-routes/internal/domain/usecase/steps.go:32.16,34.3 1 0
service-routes/internal/domain/usecase/steps.go:38.67,40.16 2 0
service-routes/internal/domain/usecase/steps.go:43.2,43.94 1 0
service-routes/internal/domain/usecase/steps.go:40.16,42.3 1 0
service-routes/internal/domain/usecase/steps.go:46.69,48.16 2 0
service-routes/internal/domain/usecase/steps.go:51.2,51.93 1 0
service-routes/internal/domain/usecase/steps.go:48.16,50.3 1 0
service-routes/internal/domain/usecase/steps.go:55.89,57.47 2 0
service-routes/internal/domain/usecase/steps.go:60.2,62.16 3 0
service-routes/internal/domain/usecase/steps.go:65.2,66.16 2 0
service-routes/internal/domain/usecase/steps.go:69.2,69.113 1 0
service-routes/internal/domain/usecase/steps.go:57.47,59.3 1 0
service-routes/internal/domain/usecase/steps.go:62.16,64.3 1 0
service-routes/internal/domain/usecase/steps.go:66.16,68.3 1 0
service-routes/cmd/entry/comment.go:15.76,19.2 1 1
service-routes/cmd/entry/comment.go:21.68,25.2 3 0
service-routes/cmd/entry/comment.go:27.66,32.2 4 0
service-routes/cmd/entry/comment.go:34.64,38.2 3 0
service-routes/cmd/entry/resource.go:15.80,19.2 1 1
service-routes/cmd/entry/resource.go:21.68,25.2 3 0
service-routes/cmd/entry/resource.go:27.68,31.2 3 0
service-routes/internal/domain/validator/comment.go:13.62,14.36 1 0
service-routes/internal/domain/validator/comment.go:14.36,19.43 5 0
service-routes/internal/domain/validator/comment.go:23.3,26.17 4 0
service-routes/internal/domain/validator/comment.go:19.43,22.4 2 0
service-routes/internal/domain/validator/resource.go:12.63,13.36 1 0
service-routes/internal/domain/validator/resource.go:13.36,18.44 4 0
service-routes/internal/domain/validator/resource.go:22.3,23.17 2 0
service-routes/internal/domain/validator/resource.go:18.44,21.4 2 0
service-routes/internal/domain/entity/resource.go:18.57,22.2 3 0
service-routes/internal/domain/entity/resource.go:24.57,27.2 2 0
service-routes/internal/domain/object_values/response.go:10.107,17.2 1 0
service-routes/cmd/handler/routes.go:11.133,18.2 6 1
service-routes/internal/domain/entity/steps.go:38.50,40.2 1 0
service-routes/internal/domain/entity/steps.go:42.54,46.2 3 0
service-routes/internal/domain/entity/steps.go:48.54,51.2 2 0
service-routes/internal/domain/repository/steps.go:16.55,20.2 1 0
service-routes/internal/domain/repository/steps.go:26.80,29.2 2 0
service-routes/internal/domain/repository/steps.go:31.76,35.2 3 0
service-routes/internal/domain/repository/steps.go:37.76,41.2 3 0
service-routes/internal/domain/repository/steps.go:43.58,45.2 1 0
service-routes/cmd/entry/routes.go:15.68,19.2 1 1
service-routes/cmd/entry/routes.go:21.64,25.2 3 0
service-routes/cmd/entry/routes.go:27.62,31.2 3 0
service-routes/cmd/entry/routes.go:33.60,37.2 3 0
service-routes/cmd/entry/routes.go:39.63,43.2 3 0
service-routes/internal/domain/repository/resource.go:15.61,19.2 1 0
service-routes/internal/domain/repository/resource.go:25.94,28.2 2 0
service-routes/internal/domain/repository/resource.go:30.90,34.2 3 0
service-routes/internal/domain/repository/resource.go:36.66,38.2 1 0
service-routes/internal/domain/entity/routes.go:33.51,35.2 1 0
service-routes/internal/domain/entity/routes.go:37.55,41.2 3 0
service-routes/internal/domain/entity/routes.go:43.55,46.2 2 0
service-routes/internal/domain/utils/sql.go:3.68,7.33 4 0
service-routes/internal/domain/utils/sql.go:14.2,14.25 1 0
service-routes/internal/domain/utils/sql.go:7.33,9.13 2 0
service-routes/internal/domain/utils/sql.go:12.3,12.35 1 0
service-routes/internal/domain/utils/sql.go:9.13,11.4 1 0
service-routes/internal/domain/repository/comment.go:15.61,19.2 1 0
service-routes/internal/domain/repository/comment.go:25.97,28.2 2 0
service-routes/internal/domain/repository/comment.go:30.81,32.2 1 0
service-routes/internal/domain/repository/comment.go:34.85,38.2 3 0
service-routes/internal/infra/validation/client.go:19.41,20.17 1 0
service-routes/internal/infra/validation/client.go:33.2,33.17 1 0
service-routes/internal/infra/validation/client.go:20.17,26.13 5 0
service-routes/internal/infra/validation/client.go:29.3,29.85 1 0
service-routes/internal/infra/validation/client.go:26.13,28.4 1 0
service-routes/internal/infra/validation/client.go:29.85,31.4 1 0
service-routes/internal/infra/validation/client.go:41.86,45.25 2 0
service-routes/internal/infra/validation/client.go:53.2,53.15 1 0
service-routes/internal/infra/validation/client.go:45.25,51.3 2 0
service-routes/internal/domain/validator/steps.go:12.60,13.36 1 0
service-routes/internal/domain/validator/steps.go:13.36,18.40 4 0
service-routes/internal/domain/validator/steps.go:22.3,23.17 2 0
service-routes/internal/domain/validator/steps.go:18.40,21.4 2 0
service-routes/internal/domain/repository/comment.go:15.61,19.2 1 1
service-routes/internal/domain/repository/comment.go:25.97,28.2 2 2
service-routes/internal/domain/repository/comment.go:30.81,32.2 1 0
service-routes/internal/domain/repository/comment.go:34.85,38.2 3 0
service-routes/internal/domain/repository/routes.go:17.57,21.2 1 1
service-routes/internal/domain/repository/routes.go:27.86,30.2 2 2
service-routes/internal/domain/repository/routes.go:31.58,34.2 2 0
service-routes/internal/domain/repository/routes.go:35.95,40.2 4 0
service-routes/internal/domain/repository/routes.go:41.80,45.2 3 0
service-routes/internal/domain/repository/steps.go:16.55,20.2 1 1
service-routes/internal/domain/repository/steps.go:26.80,29.2 2 2
service-routes/internal/domain/repository/steps.go:31.76,35.2 3 0
service-routes/internal/domain/repository/steps.go:37.76,41.2 3 0
service-routes/internal/domain/repository/steps.go:43.58,45.2 1 0
service-routes/internal/domain/entity/comment.go:20.57,24.2 3 2
service-routes/internal/domain/entity/comment.go:26.57,29.2 2 0
service-routes/internal/domain/entity/resource.go:18.57,22.2 3 2
service-routes/internal/domain/entity/resource.go:24.57,27.2 2 0
service-routes/internal/domain/entity/routes.go:33.51,35.2 1 1
service-routes/internal/domain/entity/routes.go:37.55,41.2 3 2
service-routes/internal/domain/entity/routes.go:43.55,46.2 2 0
service-routes/internal/domain/entity/steps.go:38.50,40.2 1 1
service-routes/internal/domain/entity/steps.go:42.54,46.2 3 2
service-routes/internal/domain/entity/steps.go:48.54,51.2 2 0
service-routes/internal/domain/utils/sql.go:3.68,7.33 4 0
service-routes/internal/domain/utils/sql.go:14.2,14.25 1 0
service-routes/internal/domain/utils/sql.go:7.33,9.13 2 0
service-routes/internal/domain/utils/sql.go:12.3,12.35 1 0
service-routes/internal/domain/utils/sql.go:9.13,11.4 1 0
service-routes/internal/domain/repository/resource.go:15.61,19.2 1 1
service-routes/internal/domain/repository/resource.go:25.94,28.2 2 2
service-routes/internal/domain/repository/resource.go:30.90,34.2 3 0
service-routes/internal/domain/repository/resource.go:36.66,38.2 1 0
service-routes/internal/domain/usecase/comment.go:14.86,18.2 1 6
service-routes/internal/domain/usecase/comment.go:20.87,22.16 2 2
service-routes/internal/domain/usecase/comment.go:25.2,25.126 1 1
service-routes/internal/domain/usecase/comment.go:22.16,24.3 1 1
service-routes/internal/domain/usecase/comment.go:28.91,30.16 2 2
service-routes/internal/domain/usecase/comment.go:33.2,33.119 1 0
service-routes/internal/domain/usecase/comment.go:30.16,32.3 1 2
service-routes/internal/domain/usecase/comment.go:36.73,38.16 2 2
service-routes/internal/domain/usecase/comment.go:41.2,41.97 1 1
service-routes/internal/domain/usecase/comment.go:38.16,40.3 1 1
service-routes/internal/domain/usecase/routes.go:18.105,23.2 1 11
service-routes/internal/domain/usecase/routes.go:25.100,27.16 2 3
service-routes/internal/domain/usecase/routes.go:30.2,32.16 3 2
service-routes/internal/domain/usecase/routes.go:35.2,35.118 1 1
service-routes/internal/domain/usecase/routes.go:27.16,29.3 1 1
service-routes/internal/domain/usecase/routes.go:32.16,34.3 1 1
service-routes/internal/domain/usecase/routes.go:38.92,40.49 2 4
service-routes/internal/domain/usecase/routes.go:43.2,45.16 3 3
service-routes/internal/domain/usecase/routes.go:48.2,49.16 2 2
service-routes/internal/domain/usecase/routes.go:52.2,52.113 1 1
service-routes/internal/domain/usecase/routes.go:40.49,42.3 1 1
service-routes/internal/domain/usecase/routes.go:45.16,47.3 1 1
service-routes/internal/domain/usecase/routes.go:49.16,51.3 1 1
service-routes/internal/domain/usecase/routes.go:55.85,57.16 2 2
service-routes/internal/domain/usecase/routes.go:60.2,60.95 1 1
service-routes/internal/domain/usecase/routes.go:57.16,59.3 1 1
service-routes/internal/domain/usecase/routes.go:63.72,65.16 2 2
service-routes/internal/domain/usecase/routes.go:68.2,68.94 1 1
service-routes/internal/domain/usecase/routes.go:65.16,67.3 1 1
service-routes/mocks/IGCImageRepo.go:17.97,21.76 3 9
service-routes/mocks/IGCImageRepo.go:27.2,27.11 1 9
service-routes/mocks/IGCImageRepo.go:21.76,23.3 1 0
service-routes/mocks/IGCImageRepo.go:23.8,25.3 1 9
service-routes/mocks/IGCImageRepo.go:31.105,36.86 4 9
service-routes/mocks/IGCImageRepo.go:39.2,39.77 1 9
service-routes/mocks/IGCImageRepo.go:45.2,45.76 1 9
service-routes/mocks/IGCImageRepo.go:51.2,51.15 1 9
service-routes/mocks/IGCImageRepo.go:36.86,38.3 1 0
service-routes/mocks/IGCImageRepo.go:39.77,41.3 1 0
service-routes/mocks/IGCImageRepo.go:41.8,43.3 1 9
service-routes/mocks/IGCImageRepo.go:45.76,47.3 1 0
service-routes/mocks/IGCImageRepo.go:47.8,49.3 1 9
service-routes/mocks/IGCImageRepo.go:60.78,64.19 3 29
service-routes/mocks/IGCImageRepo.go:66.2,66.13 1 29
service-routes/mocks/IGCImageRepo.go:64.19,64.49 1 29
service-routes/internal/domain/repository/comment.go:15.61,19.2 1 0
service-routes/internal/domain/repository/comment.go:25.97,28.2 2 0
service-routes/internal/domain/repository/comment.go:30.81,32.2 1 0
service-routes/internal/domain/repository/comment.go:34.85,38.2 3 0
service-routes/internal/domain/repository/steps.go:16.55,20.2 1 0
service-routes/internal/domain/repository/steps.go:26.80,29.2 2 0
service-routes/internal/domain/repository/steps.go:31.76,35.2 3 0
service-routes/internal/domain/repository/steps.go:37.76,41.2 3 0
service-routes/internal/domain/repository/steps.go:43.58,45.2 1 0
service-routes/internal/infra/storage/storage.go:24.76,29.2 1 0
service-routes/internal/infra/storage/storage.go:31.102,33.16 2 0
service-routes/internal/infra/storage/storage.go:36.2,43.44 6 0
service-routes/internal/infra/storage/storage.go:48.2,48.35 1 0
service-routes/internal/infra/storage/storage.go:53.2,59.22 2 0
service-routes/internal/infra/storage/storage.go:33.16,35.3 1 0
service-routes/internal/infra/storage/storage.go:43.44,46.3 2 0
service-routes/internal/infra/storage/storage.go:48.35,51.3 2 0
service-routes/internal/infra/storage/storage.go:62.94,67.43 4 0
service-routes/internal/infra/storage/storage.go:71.2,71.12 1 0
service-routes/internal/infra/storage/storage.go:67.43,69.3 1 0
service-routes/internal/domain/usecase/resource.go:18.116,23.2 1 7
service-routes/internal/domain/usecase/resource.go:25.109,27.16 2 3
service-routes/internal/domain/usecase/resource.go:30.2,32.16 3 2
service-routes/internal/domain/usecase/resource.go:35.2,35.124 1 1
service-routes/internal/domain/usecase/resource.go:27.16,29.3 1 1
service-routes/internal/domain/usecase/resource.go:32.16,34.3 1 1
service-routes/internal/domain/usecase/resource.go:38.101,40.55 2 4
service-routes/internal/domain/usecase/resource.go:43.2,45.16 3 3
service-routes/internal/domain/usecase/resource.go:48.2,49.16 2 2
service-routes/internal/domain/usecase/resource.go:52.2,52.116 1 1
service-routes/internal/domain/usecase/resource.go:40.55,42.3 1 1
service-routes/internal/domain/usecase/resource.go:45.16,47.3 1 1
service-routes/internal/domain/usecase/resource.go:49.16,51.3 1 1
service-routes/mocks/IRepositorySteps.go:17.60,21.50 3 2
service-routes/mocks/IRepositorySteps.go:27.2,27.11 1 2
service-routes/mocks/IRepositorySteps.go:21.50,23.3 1 0
service-routes/mocks/IRepositorySteps.go:23.8,25.3 1 2
service-routes/mocks/IRepositorySteps.go:31.78,36.69 4 2
service-routes/mocks/IRepositorySteps.go:39.2,39.60 1 2
service-routes/mocks/IRepositorySteps.go:47.2,47.50 1 2
service-routes/mocks/IRepositorySteps.go:53.2,53.15 1 2
service-routes/mocks/IRepositorySteps.go:36.69,38.3 1 0
service-routes/mocks/IRepositorySteps.go:39.60,41.3 1 0
service-routes/mocks/IRepositorySteps.go:41.8,42.24 1 2
service-routes/mocks/IRepositorySteps.go:42.24,44.4 1 2
service-routes/mocks/IRepositorySteps.go:47.50,49.3 1 0
service-routes/mocks/IRepositorySteps.go:49.8,51.3 1 2
service-routes/mocks/IRepositorySteps.go:57.78,62.67 4 6
service-routes/mocks/IRepositorySteps.go:65.2,65.58 1 6
service-routes/mocks/IRepositorySteps.go:73.2,73.50 1 6
service-routes/mocks/IRepositorySteps.go:79.2,79.15 1 6
service-routes/mocks/IRepositorySteps.go:62.67,64.3 1 0
service-routes/mocks/IRepositorySteps.go:65.58,67.3 1 0
service-routes/mocks/IRepositorySteps.go:67.8,68.24 1 6
service-routes/mocks/IRepositorySteps.go:68.24,70.4 1 6
service-routes/mocks/IRepositorySteps.go:73.50,75.3 1 0
service-routes/mocks/IRepositorySteps.go:75.8,77.3 1 6
service-routes/mocks/IRepositorySteps.go:83.82,88.74 4 2
service-routes/mocks/IRepositorySteps.go:91.2,91.65 1 2
service-routes/mocks/IRepositorySteps.go:99.2,99.57 1 2
service-routes/mocks/IRepositorySteps.go:105.2,105.15 1 2
service-routes/mocks/IRepositorySteps.go:88.74,90.3 1 0
service-routes/mocks/IRepositorySteps.go:91.65,93.3 1 0
service-routes/mocks/IRepositorySteps.go:93.8,94.24 1 2
service-routes/mocks/IRepositorySteps.go:94.24,96.4 1 2
service-routes/mocks/IRepositorySteps.go:99.57,101.3 1 0
service-routes/mocks/IRepositorySteps.go:101.8,103.3 1 2
service-routes/mocks/IRepositorySteps.go:114.90,118.19 3 11
service-routes/mocks/IRepositorySteps.go:120.2,120.13 1 11
service-routes/mocks/IRepositorySteps.go:118.19,118.49 1 11
service-routes/internal/domain/entity/routes.go:33.51,35.2 1 0
service-routes/internal/domain/entity/routes.go:37.55,41.2 3 0
service-routes/internal/domain/entity/routes.go:43.55,46.2 2 0
service-routes/internal/domain/utils/sql.go:3.68,7.33 4 0
service-routes/internal/domain/utils/sql.go:14.2,14.25 1 0
service-routes/internal/domain/utils/sql.go:7.33,9.13 2 0
service-routes/internal/domain/utils/sql.go:12.3,12.35 1 0
service-routes/internal/domain/utils/sql.go:9.13,11.4 1 0
service-routes/internal/utils/decode_file.go:9.58,11.16 2 0
service-routes/internal/utils/decode_file.go:15.2,16.17 2 0
service-routes/internal/utils/decode_file.go:11.16,13.3 1 0
service-routes/internal/utils/url_utils.go:9.33,12.2 2 0
service-routes/internal/utils/url_utils.go:14.47,17.2 2 9
service-routes/internal/domain/usecase/steps.go:18.101,23.2 1 11
service-routes/internal/domain/usecase/steps.go:25.94,27.16 2 3
service-routes/internal/domain/usecase/steps.go:30.2,32.16 3 2
service-routes/internal/domain/usecase/steps.go:35.2,35.117 1 1
service-routes/internal/domain/usecase/steps.go:27.16,29.3 1 1
service-routes/internal/domain/usecase/steps.go:32.16,34.3 1 1
service-routes/internal/domain/usecase/steps.go:38.67,40.16 2 2
service-routes/internal/domain/usecase/steps.go:43.2,43.94 1 1
service-routes/internal/domain/usecase/steps.go:40.16,42.3 1 1
service-routes/internal/domain/usecase/steps.go:46.69,48.16 2 2
service-routes/internal/domain/usecase/steps.go:51.2,51.93 1 1
service-routes/internal/domain/usecase/steps.go:48.16,50.3 1 1
service-routes/internal/domain/usecase/steps.go:55.89,57.47 2 4
service-routes/internal/domain/usecase/steps.go:60.2,62.16 3 3
service-routes/internal/domain/usecase/steps.go:65.2,66.16 2 2
service-routes/internal/domain/usecase/steps.go:69.2,69.113 1 1
service-routes/internal/domain/usecase/steps.go:57.47,59.3 1 1
service-routes/internal/domain/usecase/steps.go:62.16,64.3 1 1
service-routes/internal/domain/usecase/steps.go:66.16,68.3 1 1
service-routes/mocks/ClientRest.go:16.89,21.82 4 0
service-routes/mocks/ClientRest.go:24.2,24.73 1 0
service-routes/mocks/ClientRest.go:32.2,32.64 1 0
service-routes/mocks/ClientRest.go:38.2,38.15 1 0
service-routes/mocks/ClientRest.go:21.82,23.3 1 0
service-routes/mocks/ClientRest.go:24.73,26.3 1 0
service-routes/mocks/ClientRest.go:26.8,27.24 1 0
service-routes/mocks/ClientRest.go:27.24,29.4 1 0
service-routes/mocks/ClientRest.go:32.64,34.3 1 0
service-routes/mocks/ClientRest.go:34.8,36.3 1 0
service-routes/mocks/ClientRest.go:42.68,47.69 4 0
service-routes/mocks/ClientRest.go:50.2,50.60 1 0
service-routes/mocks/ClientRest.go:58.2,58.51 1 0
service-routes/mocks/ClientRest.go:64.2,64.15 1 0
service-routes/mocks/ClientRest.go:47.69,49.3 1 0
service-routes/mocks/ClientRest.go:50.60,52.3 1 0
service-routes/mocks/ClientRest.go:52.8,53.24 1 0
service-routes/mocks/ClientRest.go:53.24,55.4 1 0
service-routes/mocks/ClientRest.go:58.51,60.3 1 0
service-routes/mocks/ClientRest.go:60.8,62.3 1 0
service-routes/mocks/ClientRest.go:68.87,73.82 4 0
service-routes/mocks/ClientRest.go:76.2,76.73 1 0
service-routes/mocks/ClientRest.go:84.2,84.64 1 0
service-routes/mocks/ClientRest.go:90.2,90.15 1 0
service-routes/mocks/ClientRest.go:73.82,75.3 1 0
service-routes/mocks/ClientRest.go:76.73,78.3 1 0
service-routes/mocks/ClientRest.go:78.8,79.24 1 0
service-routes/mocks/ClientRest.go:79.24,81.4 1 0
service-routes/mocks/ClientRest.go:84.64,86.3 1 0
service-routes/mocks/ClientRest.go:86.8,88.3 1 0
service-routes/mocks/ClientRest.go:94.86,99.82 4 0
service-routes/mocks/ClientRest.go:102.2,102.73 1 0
service-routes/mocks/ClientRest.go:110.2,110.64 1 0
service-routes/mocks/ClientRest.go:116.2,116.15 1 0
service-routes/mocks/ClientRest.go:99.82,101.3 1 0
service-routes/mocks/ClientRest.go:102.73,104.3 1 0
service-routes/mocks/ClientRest.go:104.8,105.24 1 0
service-routes/mocks/ClientRest.go:105.24,107.4 1 0
service-routes/mocks/ClientRest.go:110.64,112.3 1 0
service-routes/mocks/ClientRest.go:112.8,114.3 1 0
service-routes/mocks/ClientRest.go:125.72,129.19 3 0
service-routes/mocks/ClientRest.go:131.2,131.13 1 0
service-routes/mocks/ClientRest.go:129.19,129.49 1 0
service-routes/mocks/IRepositoryComments.go:17.83,21.57 3 2
service-routes/mocks/IRepositoryComments.go:27.2,27.11 1 2
service-routes/mocks/IRepositoryComments.go:21.57,23.3 1 0
service-routes/mocks/IRepositoryComments.go:23.8,25.3 1 2
service-routes/mocks/IRepositoryComments.go:31.87,36.72 4 2
service-routes/mocks/IRepositoryComments.go:39.2,39.63 1 2
service-routes/mocks/IRepositoryComments.go:47.2,47.50 1 2
service-routes/mocks/IRepositoryComments.go:53.2,53.15 1 2
service-routes/mocks/IRepositoryComments.go:36.72,38.3 1 0
service-routes/mocks/IRepositoryComments.go:39.63,41.3 1 0
service-routes/mocks/IRepositoryComments.go:41.8,42.24 1 2
service-routes/mocks/IRepositoryComments.go:42.24,44.4 1 2
service-routes/mocks/IRepositoryComments.go:47.50,49.3 1 0
service-routes/mocks/IRepositoryComments.go:49.8,51.3 1 2
service-routes/mocks/IRepositoryComments.go:57.99,62.80 4 2
service-routes/mocks/IRepositoryComments.go:65.2,65.71 1 2
service-routes/mocks/IRepositoryComments.go:73.2,73.60 1 2
service-routes/mocks/IRepositoryComments.go:79.2,79.15 1 2
service-routes/mocks/IRepositoryComments.go:62.80,64.3 1 0
service-routes/mocks/IRepositoryComments.go:65.71,67.3 1 0
service-routes/mocks/IRepositoryComments.go:67.8,68.24 1 2
service-routes/mocks/IRepositoryComments.go:68.24,70.4 1 2
service-routes/mocks/IRepositoryComments.go:73.60,75.3 1 0
service-routes/mocks/IRepositoryComments.go:75.8,77.3 1 2
service-routes/mocks/IRepositoryComments.go:88.99,92.19 3 6
service-routes/mocks/IRepositoryComments.go:94.2,94.13 1 6
service-routes/mocks/IRepositoryComments.go:92.19,92.49 1 6
service-routes/mocks/IRepositoryResource.go:17.96,22.80 4 2
service-routes/mocks/IRepositoryResource.go:25.2,25.71 1 2
service-routes/mocks/IRepositoryResource.go:33.2,33.60 1 2
service-routes/mocks/IRepositoryResource.go:39.2,39.15 1 2
service-routes/mocks/IRepositoryResource.go:22.80,24.3 1 0
service-routes/mocks/IRepositoryResource.go:25.71,27.3 1 0
service-routes/mocks/IRepositoryResource.go:27.8,28.24 1 2
service-routes/mocks/IRepositoryResource.go:28.24,30.4 1 2
service-routes/mocks/IRepositoryResource.go:33.60,35.3 1 0
service-routes/mocks/IRepositoryResource.go:35.8,37.3 1 2
service-routes/mocks/IRepositoryResource.go:43.68,47.50 3 2
service-routes/mocks/IRepositoryResource.go:53.2,53.11 1 2
service-routes/mocks/IRepositoryResource.go:47.50,49.3 1 0
service-routes/mocks/IRepositoryResource.go:49.8,51.3 1 2
service-routes/mocks/IRepositoryResource.go:57.92,62.70 4 4
service-routes/mocks/IRepositoryResource.go:65.2,65.61 1 4
service-routes/mocks/IRepositoryResource.go:73.2,73.50 1 4
service-routes/mocks/IRepositoryResource.go:79.2,79.15 1 4
service-routes/mocks/IRepositoryResource.go:62.70,64.3 1 0
service-routes/mocks/IRepositoryResource.go:65.61,67.3 1 0
service-routes/mocks/IRepositoryResource.go:67.8,68.24 1 4
service-routes/mocks/IRepositoryResource.go:68.24,70.4 1 4
service-routes/mocks/IRepositoryResource.go:73.50,75.3 1 0
service-routes/mocks/IRepositoryResource.go:75.8,77.3 1 4
service-routes/mocks/IRepositoryResource.go:88.99,92.19 3 7
service-routes/mocks/IRepositoryResource.go:94.2,94.13 1 7
service-routes/mocks/IRepositoryResource.go:92.19,92.49 1 7
service-routes/internal/domain/entity/resource.go:18.57,22.2 3 0
service-routes/internal/domain/entity/resource.go:24.57,27.2 2 0
service-routes/internal/domain/entity/steps.go:38.50,40.2 1 0
service-routes/internal/domain/entity/steps.go:42.54,46.2 3 0
service-routes/internal/domain/entity/steps.go:48.54,51.2 2 0
service-routes/internal/domain/object_values/response.go:10.107,17.2 1 35
service-routes/internal/domain/repository/resource.go:15.61,19.2 1 0
service-routes/internal/domain/repository/resource.go:25.94,28.2 2 0
service-routes/internal/domain/repository/resource.go:30.90,34.2 3 0
service-routes/internal/domain/repository/resource.go:36.66,38.2 1 0
service-routes/internal/domain/repository/routes.go:17.57,21.2 1 0
service-routes/internal/domain/repository/routes.go:27.86,30.2 2 0
service-routes/internal/domain/repository/routes.go:31.58,34.2 2 0
service-routes/internal/domain/repository/routes.go:35.95,40.2 4 0
service-routes/internal/domain/repository/routes.go:41.80,45.2 3 0
service-routes/internal/utils/random_name.go:7.36,10.2 2 0
service-routes/internal/domain/entity/comment.go:20.57,24.2 3 0
service-routes/internal/domain/entity/comment.go:26.57,29.2 2 0
service-routes/mocks/IRepositoryRoutes.go:17.60,21.50 3 2
service-routes/mocks/IRepositoryRoutes.go:27.2,27.11 1 2
service-routes/mocks/IRepositoryRoutes.go:21.50,23.3 1 0
service-routes/mocks/IRepositoryRoutes.go:23.8,25.3 1 2
service-routes/mocks/IRepositoryRoutes.go:31.97,36.87 4 2
service-routes/mocks/IRepositoryRoutes.go:39.2,39.78 1 2
service-routes/mocks/IRepositoryRoutes.go:47.2,47.67 1 2
service-routes/mocks/IRepositoryRoutes.go:53.2,53.15 1 2
service-routes/mocks/IRepositoryRoutes.go:36.87,38.3 1 0
service-routes/mocks/IRepositoryRoutes.go:39.78,41.3 1 0
service-routes/mocks/IRepositoryRoutes.go:41.8,42.24 1 2
service-routes/mocks/IRepositoryRoutes.go:42.24,44.4 1 2
service-routes/mocks/IRepositoryRoutes.go:47.67,49.3 1 0
service-routes/mocks/IRepositoryRoutes.go:49.8,51.3 1 2
service-routes/mocks/IRepositoryRoutes.go:57.82,62.68 4 6
service-routes/mocks/IRepositoryRoutes.go:65.2,65.59 1 6
service-routes/mocks/IRepositoryRoutes.go:73.2,73.50 1 6
service-routes/mocks/IRepositoryRoutes.go:79.2,79.15 1 6
service-routes/mocks/IRepositoryRoutes.go:62.68,64.3 1 0
service-routes/mocks/IRepositoryRoutes.go:65.59,67.3 1 0
service-routes/mocks/IRepositoryRoutes.go:67.8,68.24 1 6
service-routes/mocks/IRepositoryRoutes.go:68.24,70.4 1 6
service-routes/mocks/IRepositoryRoutes.go:73.50,75.3 1 0
service-routes/mocks/IRepositoryRoutes.go:75.8,77.3 1 6
service-routes/mocks/IRepositoryRoutes.go:83.88,88.76 4 2
service-routes/mocks/IRepositoryRoutes.go:91.2,91.67 1 2
service-routes/mocks/IRepositoryRoutes.go:99.2,99.58 1 2
service-routes/mocks/IRepositoryRoutes.go:105.2,105.15 1 2
service-routes/mocks/IRepositoryRoutes.go:88.76,90.3 1 0
service-routes/mocks/IRepositoryRoutes.go:91.67,93.3 1 0
service-routes/mocks/IRepositoryRoutes.go:93.8,94.24 1 2
service-routes/mocks/IRepositoryRoutes.go:94.24,96.4 1 2
service-routes/mocks/IRepositoryRoutes.go:99.58,101.3 1 0
service-routes/mocks/IRepositoryRoutes.go:101.8,103.3 1 2
service-routes/mocks/IRepositoryRoutes.go:114.93,118.19 3 11
service-routes/mocks/IRepositoryRoutes.go:120.2,120.13 1 11
service-routes/mocks/IRepositoryRoutes.go:118.19,118.49 1 11
service-routes/internal/domain/entity/comment.go:20.57,24.2 3 0
service-routes/internal/domain/entity/comment.go:26.57,29.2 2 0
service-routes/internal/domain/entity/routes.go:33.51,35.2 1 0
service-routes/internal/domain/entity/routes.go:37.55,41.2 3 0
service-routes/internal/domain/entity/routes.go:43.55,46.2 2 0
service-routes/internal/domain/validator/resource.go:12.63,13.36 1 1
service-routes/internal/domain/validator/resource.go:13.36,18.44 4 1
service-routes/internal/domain/validator/resource.go:22.3,23.17 2 0
service-routes/internal/domain/validator/resource.go:18.44,21.4 2 1
service-routes/internal/domain/validator/routes.go:12.61,13.36 1 1
service-routes/internal/domain/validator/routes.go:13.36,18.42 4 1
service-routes/internal/domain/validator/routes.go:22.3,23.17 2 0
service-routes/internal/domain/validator/routes.go:18.42,21.4 2 1
service-routes/internal/domain/validator/steps.go:12.60,13.36 1 1
service-routes/internal/domain/validator/steps.go:13.36,18.40 4 1
service-routes/internal/domain/validator/steps.go:22.3,23.17 2 0
service-routes/internal/domain/validator/steps.go:18.40,21.4 2 1
service-routes/internal/domain/object_values/response.go:10.107,17.2 1 0
service-routes/internal/domain/entity/resource.go:18.57,22.2 3 0
service-routes/internal/domain/entity/resource.go:24.57,27.2 2 0
service-routes/internal/domain/entity/steps.go:38.50,40.2 1 0
service-routes/internal/domain/entity/steps.go:42.54,46.2 3 0
service-routes/internal/domain/entity/steps.go:48.54,51.2 2 0
service-routes/internal/infra/validation/client.go:19.41,20.17 1 4
service-routes/internal/infra/validation/client.go:33.2,33.17 1 4
service-routes/internal/infra/validation/client.go:20.17,26.13 5 1
service-routes/internal/infra/validation/client.go:29.3,29.85 1 1
service-routes/internal/infra/validation/client.go:26.13,28.4 1 0
service-routes/internal/infra/validation/client.go:29.85,31.4 1 0
service-routes/internal/infra/validation/client.go:41.86,45.25 2 4
service-routes/internal/infra/validation/client.go:53.2,53.15 1 4
service-routes/internal/infra/validation/client.go:45.25,51.3 2 22
service-routes/internal/domain/validator/comment.go:13.62,14.36 1 1
service-routes/internal/domain/validator/comment.go:14.36,19.43 5 1
service-routes/internal/domain/validator/comment.go:23.3,26.17 4 0
service-routes/internal/domain/validator/comment.go:19.43,22.4 2 1
